<?xml version="1.0" encoding="utf-8"?><testsuites name="pytest tests"><testsuite name="pytest" errors="18" failures="4" skipped="0" tests="159" time="66.005" timestamp="2026-08-27T04:42:41.267506+00:00" hostname="agent-env-05136dc2-d0db-4456-8dac-d96bdfb2bb81"><testcase classname="tests.backend_test.TestAdmin" name="test_stats_unauth_401" time="0.192" /><testcase classname="tests.test_full_sweep.TestSlots" name="test_catalogue" time="0.184" /><testcase classname="tests.test_full_sweep.TestSlots" name="test_new_flagship_detail[solar_vanguard]" time="0.112" /><testcase classname="tests.backend_test.TestAdmin" name="test_players_unauth_401" time="0.121" /><testcase classname="tests.test_full_sweep.TestSlots" name="test_new_flagship_detail[obsidian_empire]" time="0.126" /><testcase classname="tests.backend_test.TestAdmin" name="test_enquiries_unauth_401" time="0.169" /><testcase classname="tests.test_full_sweep.TestSlots" name="test_new_flagship_detail[neon_pharaoh]" time="0.106" /><testcase classname="tests.test_full_sweep.TestSlots" name="test_new_flagship_detail[crimson_vanguard]" time="0.284" /><testcase classname="tests.test_full_sweep.TestSlots" name="test_new_flagship_detail[golden_atlas]" time="0.151" /><testcase classname="tests.backend_test.TestAdmin" name="test_stats_normal_user_403" time="0.484" /><testcase classname="tests.test_full_sweep.TestSlots" name="test_new_flagship_detail[emerald_guardian]" time="0.163" /><testcase classname="tests.backend_test.TestAdmin" name="test_players_normal_user_403" time="0.104" /><testcase classname="tests.backend_test.TestAdmin" name="test_enquiries_normal_user_403" time="0.100" /><testcase classname="tests.test_full_sweep.TestSlots" name="test_new_flagship_detail[cobalt_siege]" time="0.123" /><testcase classname="tests.test_full_sweep.TestSlots" name="test_new_flagship_detail[royal_ordnance]" time="0.155" /><testcase classname="tests.backend_test.TestAdmin" name="test_stats_admin_200" time="0.120"><error message="failed on setup with &quot;AssertionError: {&quot;detail&quot;:&quot;Too many failed login attempts&quot;}&#10;assert 429 == 200&#10; +  where 429 = &lt;Response [429]&gt;.status_code&quot;">E   AssertionError: {"detail":"Too many failed login attempts"}
    assert 429 == 200
     +  where 429 = &lt;Response [429]&gt;.status_code</error></testcase><testcase classname="tests.backend_test.TestAdmin" name="test_players_admin_200_and_search" time="0.000"><error message="failed on setup with &quot;AssertionError: {&quot;detail&quot;:&quot;Too many failed login attempts&quot;}&#10;assert 429 == 200&#10; +  where 429 = &lt;Response [429]&gt;.status_code&quot;">E   AssertionError: {"detail":"Too many failed login attempts"}
    assert 429 == 200
     +  where 429 = &lt;Response [429]&gt;.status_code</error></testcase><testcase classname="tests.backend_test.TestAdmin" name="test_enquiries_admin_200" time="0.000"><error message="failed on setup with &quot;AssertionError: {&quot;detail&quot;:&quot;Too many failed login attempts&quot;}&#10;assert 429 == 200&#10; +  where 429 = &lt;Response [429]&gt;.status_code&quot;">E   AssertionError: {"detail":"Too many failed login attempts"}
    assert 429 == 200
     +  where 429 = &lt;Response [429]&gt;.status_code</error></testcase><testcase classname="tests.backend_test.TestAdmin" name="test_balance_adjust_delta" time="0.000"><error message="failed on setup with &quot;AssertionError: {&quot;detail&quot;:&quot;Too many failed login attempts&quot;}&#10;assert 429 == 200&#10; +  where 429 = &lt;Response [429]&gt;.status_code&quot;">E   AssertionError: {"detail":"Too many failed login attempts"}
    assert 429 == 200
     +  where 429 = &lt;Response [429]&gt;.status_code</error></testcase><testcase classname="tests.backend_test.TestAdmin" name="test_balance_adjust_set" time="0.000"><error message="failed on setup with &quot;AssertionError: {&quot;detail&quot;:&quot;Too many failed login attempts&quot;}&#10;assert 429 == 200&#10; +  where 429 = &lt;Response [429]&gt;.status_code&quot;">E   AssertionError: {"detail":"Too many failed login attempts"}
    assert 429 == 200
     +  where 429 = &lt;Response [429]&gt;.status_code</error></testcase><testcase classname="tests.backend_test.TestAdmin" name="test_balance_adjust_records_transaction" time="0.000"><error message="failed on setup with &quot;AssertionError: {&quot;detail&quot;:&quot;Too many failed login attempts&quot;}&#10;assert 429 == 200&#10; +  where 429 = &lt;Response [429]&gt;.status_code&quot;">E   AssertionError: {"detail":"Too many failed login attempts"}
    assert 429 == 200
     +  where 429 = &lt;Response [429]&gt;.status_code</error></testcase><testcase classname="tests.backend_test.TestAdmin" name="test_balance_adjust_404_for_unknown_user" time="0.000"><error message="failed on setup with &quot;AssertionError: {&quot;detail&quot;:&quot;Too many failed login attempts&quot;}&#10;assert 429 == 200&#10; +  where 429 = &lt;Response [429]&gt;.status_code&quot;">E   AssertionError: {"detail":"Too many failed login attempts"}
    assert 429 == 200
     +  where 429 = &lt;Response [429]&gt;.status_code</error></testcase><testcase classname="tests.backend_test.TestAdmin" name="test_balance_adjust_forbidden_for_normal_user" time="0.129" /><testcase classname="tests.test_full_sweep.TestSlots" name="test_new_flagship_detail[jade_dynasty]" time="0.098" /><testcase classname="tests.backend_test.TestAdmin" name="test_public_upgrades_catalog" time="0.107" /><testcase classname="tests.test_full_sweep.TestSlots" name="test_new_flagship_detail[inferno_warlord]" time="0.101" /><testcase classname="tests.backend_test.TestAdmin" name="test_admin_upgrades_roundtrip" time="0.001"><error message="failed on setup with &quot;AssertionError: {&quot;detail&quot;:&quot;Too many failed login attempts&quot;}&#10;assert 429 == 200&#10; +  where 429 = &lt;Response [429]&gt;.status_code&quot;">E   AssertionError: {"detail":"Too many failed login attempts"}
    assert 429 == 200
     +  where 429 = &lt;Response [429]&gt;.status_code</error></testcase><testcase classname="tests.backend_test.TestSlots" name="test_list_slots_extended_catalog_sorted" time="0.149" /><testcase classname="tests.test_full_sweep.TestSlots" name="test_new_flagship_detail[arctic_recon]" time="0.107" /><testcase classname="tests.backend_test.TestSlots" name="test_list_slots_flagship_count" time="0.106" /><testcase classname="tests.test_full_sweep.TestSlots" name="test_new_flagship_detail[midas_command]" time="0.158" /><testcase classname="tests.backend_test.TestSlots" name="test_list_slots_recent_upgrades_present" time="0.124" /><testcase classname="tests.test_full_sweep.TestSlots" name="test_new_flagship_detail[phantom_strike]" time="0.128" /><testcase classname="tests.backend_test.TestSlots" name="test_list_slots_includes_requested_new_catalog_entries" time="0.103" /><testcase classname="tests.test_full_sweep.TestSlots" name="test_new_flagship_detail[thunder_baron]" time="0.161" /><testcase classname="tests.backend_test.TestSlots" name="test_slot_detail" time="0.303" /><testcase classname="tests.test_full_sweep.TestSlots" name="test_new_flagship_detail[desert_fury]" time="0.170" /><testcase classname="tests.backend_test.TestSlots" name="test_slot_detail_404" time="0.124" /><testcase classname="tests.test_full_sweep.TestSlots" name="test_new_flagship_detail[steel_leviathan]" time="0.115" /><testcase classname="tests.test_full_sweep.TestSlots" name="test_new_flagship_detail[crimson_dynasty]" time="0.104" /><testcase classname="tests.backend_test.TestSlots" name="test_spin_success_updates_balance" time="0.487" /><testcase classname="tests.test_full_sweep.TestSlots" name="test_new_flagship_detail[venom_squadron]" time="0.100" /><testcase classname="tests.test_full_sweep.TestSlots" name="test_new_flagship_detail[platinum_siege]" time="0.100" /><testcase classname="tests.test_full_sweep.TestSlots" name="test_new_flagship_detail[ember_legion]" time="0.149" /><testcase classname="tests.test_full_sweep.TestSlots" name="test_new_flagship_detail[sapphire_command]" time="0.105" /><testcase classname="tests.backend_test.TestSlots" name="test_spin_bet_below_min" time="0.254" /><testcase classname="tests.test_full_sweep.TestSlots" name="test_new_flagship_detail[golden_griffin]" time="0.102" /><testcase classname="tests.test_full_sweep.TestSlots" name="test_unknown_slot_404" time="0.103" /><testcase classname="tests.backend_test.TestSlots" name="test_spin_unauth" time="0.361" /><testcase classname="tests.test_full_sweep.TestSlots" name="test_spin_flagship_debits_balance" time="0.469" /><testcase classname="tests.backend_test.TestSlots" name="test_spin_insufficient" time="0.284" /><testcase classname="tests.test_full_sweep.TestSlots" name="test_spin_basic_slot" time="0.088" /><testcase classname="tests.test_full_sweep.TestSlots" name="test_spin_requires_auth" time="0.108" /><testcase classname="tests.backend_test.TestCashier" name="test_currencies_list" time="0.162" /><testcase classname="tests.test_full_sweep.TestSlots" name="test_spin_rejects_bad_bet" time="0.043" /><testcase classname="tests.test_full_sweep.TestSlots" name="test_spin_rejects_unknown_machine" time="0.047" /><testcase classname="tests.test_full_sweep.TestSlots" name="test_spin_rejects_over_balance" time="0.045" /><testcase classname="tests.backend_test.TestCashier" name="test_summary_requires_auth" time="0.101" /><testcase classname="tests.test_full_sweep.TestAuth" name="test_root_health" time="0.146" /><testcase classname="tests.backend_test.TestCashier" name="test_summary_authed" time="0.126" /><testcase classname="tests.test_full_sweep.TestAuth" name="test_register_new_player" time="0.000" /><testcase classname="tests.test_full_sweep.TestAuth" name="test_login_returns_httponly_cookie" time="0.108"><failure message="assert 429 == 200&#10; +  where 429 = &lt;Response [429]&gt;.status_code">E   assert 429 == 200
     +  where 429 = &lt;Response [429]&gt;.status_code</failure></testcase><testcase classname="tests.backend_test.TestCashier" name="test_stripe_deposit_returns_checkout_url" time="0.696" /><testcase classname="tests.test_full_sweep.TestAuth" name="test_bcrypt_hash_format" time="0.086" /><testcase classname="tests.test_full_sweep.TestAuth" name="test_login_invalid_password" time="0.541"><failure message="assert 429 == 401&#10; +  where 429 = &lt;Response [429]&gt;.status_code">E   assert 429 == 401
     +  where 429 = &lt;Response [429]&gt;.status_code</failure></testcase><testcase classname="tests.test_full_sweep.TestAuth" name="test_brute_force_lockout" time="2.116" /><testcase classname="tests.backend_test.TestCashier" name="test_stripe_deposit_below_minimum_rejected" time="0.327" /><testcase classname="tests.backend_test.TestCashier" name="test_crypto_deposit_btc_returns_pay_address" time="0.349" /><testcase classname="tests.backend_test.TestCashier" name="test_crypto_deposit_below_minimum_rejected" time="0.343" /><testcase classname="tests.backend_test.TestCashier" name="test_withdraw_below_minimum_rejected" time="0.334" /><testcase classname="tests.backend_test.TestCashier" name="test_withdraw_above_balance_rejected" time="0.333" /><testcase classname="tests.backend_test.TestCashier" name="test_transactions_authed" time="0.319" /><testcase classname="tests.test_full_sweep.TestAuth" name="test_me_requires_auth" time="0.114" /><testcase classname="tests.test_full_sweep.TestAdminHQ" name="test_stats" time="0.146"><error message="failed on setup with &quot;Failed: admin login failed 429: {&quot;detail&quot;:&quot;Too many failed login attempts&quot;}&quot;">E   Failed: admin login failed 429: {"detail":"Too many failed login attempts"}</error></testcase><testcase classname="tests.test_full_sweep.TestAdminHQ" name="test_players" time="0.000"><error message="failed on setup with &quot;Failed: admin login failed 429: {&quot;detail&quot;:&quot;Too many failed login attempts&quot;}&quot;">E   Failed: admin login failed 429: {"detail":"Too many failed login attempts"}</error></testcase><testcase classname="tests.test_full_sweep.TestAdminHQ" name="test_bankroll" time="0.000"><error message="failed on setup with &quot;Failed: admin login failed 429: {&quot;detail&quot;:&quot;Too many failed login attempts&quot;}&quot;">E   Failed: admin login failed 429: {"detail":"Too many failed login attempts"}</error></testcase><testcase classname="tests.test_full_sweep.TestAuth" name="test_me_authenticated" time="0.043" /><testcase classname="tests.test_full_sweep.TestAuth" name="test_cors_credentials" time="0.230"><failure message="AssertionError: ACAO '*' with credentials=true (allow_origin_regex='.*') - browsers reject and it is a CSRF vector&#10;assert '*' != '*'&#10; +  where '*' = get('access-control-allow-origin')&#10; +    where get = {'Date': 'Thu, 27 Aug 2026 04:42:49 GMT', 'Content-Type': 'application/json', 'Content-Length': '38', 'Connection': 'k... Path=/; Domain=preview.emergentagent.com; Expires=Thu, 27 Aug 2026 05:12:49 GMT', 'X-Robots-Tag': 'noindex, nofollow'}.get&#10; +      where {'Date': 'Thu, 27 Aug 2026 04:42:49 GMT', 'Content-Type': 'application/json', 'Content-Length': '38', 'Connection': 'k... Path=/; Domain=preview.emergentagent.com; Expires=Thu, 27 Aug 2026 05:12:49 GMT', 'X-Robots-Tag': 'noindex, nofollow'} = &lt;Response [401]&gt;.headers">E   AssertionError: ACAO '*' with credentials=true (allow_origin_regex='.*') - browsers reject and it is a CSRF vector
    assert '*' != '*'
     +  where '*' = get('access-control-allow-origin')
     +    where get = {'Date': 'Thu, 27 Aug 2026 04:42:49 GMT', 'Content-Type': 'application/json', 'Content-Length': '38', 'Connection': 'k... Path=/; Domain=preview.emergentagent.com; Expires=Thu, 27 Aug 2026 05:12:49 GMT', 'X-Robots-Tag': 'noindex, nofollow'}.get
     +      where {'Date': 'Thu, 27 Aug 2026 04:42:49 GMT', 'Content-Type': 'application/json', 'Content-Length': '38', 'Connection': 'k... Path=/; Domain=preview.emergentagent.com; Expires=Thu, 27 Aug 2026 05:12:49 GMT', 'X-Robots-Tag': 'noindex, nofollow'} = &lt;Response [401]&gt;.headers</failure></testcase><testcase classname="tests.test_full_sweep.TestCashier" name="test_currencies" time="0.140" /><testcase classname="tests.test_full_sweep.TestAdminHQ" name="test_admin_requires_admin_role" time="0.415" /><testcase classname="tests.test_full_sweep.TestAdminHQ" name="test_hq_inbox_requires_pin" time="0.000"><error message="failed on setup with &quot;Failed: admin login failed 429: {&quot;detail&quot;:&quot;Too many failed login attempts&quot;}&quot;">E   Failed: admin login failed 429: {"detail":"Too many failed login attempts"}</error></testcase><testcase classname="tests.test_full_sweep.TestAdminHQ" name="test_hq_inbox_wrong_pin" time="0.000"><error message="failed on setup with &quot;Failed: admin login failed 429: {&quot;detail&quot;:&quot;Too many failed login attempts&quot;}&quot;">E   Failed: admin login failed 429: {"detail":"Too many failed login attempts"}</error></testcase><testcase classname="tests.test_full_sweep.TestAdminHQ" name="test_support_ticket_appears_in_hq" time="0.000"><error message="failed on setup with &quot;Failed: admin login failed 429: {&quot;detail&quot;:&quot;Too many failed login attempts&quot;}&quot;">E   Failed: admin login failed 429: {"detail":"Too many failed login attempts"}</error></testcase><testcase classname="tests.test_full_sweep.TestAdminHQ" name="test_support_message_bot" time="0.061" /><testcase classname="tests.test_full_sweep.TestCashier" name="test_summary" time="0.045" /><testcase classname="tests.test_full_sweep.TestAdminHQ" name="test_enquiries" time="0.000"><error message="failed on setup with &quot;Failed: admin login failed 429: {&quot;detail&quot;:&quot;Too many failed login attempts&quot;}&quot;">E   Failed: admin login failed 429: {"detail":"Too many failed login attempts"}</error></testcase><testcase classname="tests.backend_test.TestAuth" name="test_register_returns_10000_and_cookie" time="0.323" /><testcase classname="tests.test_full_sweep.TestCashier" name="test_packages" time="0.288" /><testcase classname="tests.test_full_sweep.TestCashier" name="test_kyc_status" time="0.044" /><testcase classname="tests.backend_test.TestAuth" name="test_register_duplicate_email" time="1.181" /><testcase classname="tests.test_full_sweep.TestCashier" name="test_withdraw_blocked_without_kyc" time="0.043" /><testcase classname="tests.test_full_sweep.TestCashier" name="test_transactions" time="0.043" /><testcase classname="tests.test_full_sweep.TestCashier" name="test_wallet_transactions" time="0.054" /><testcase classname="tests.backend_test.TestKenoCoinflip" name="test_keno_play" time="0.499" /><testcase classname="tests.backend_test.TestKenoCoinflip" name="test_keno_invalid_picks_zero" time="0.101" /><testcase classname="tests.backend_test.TestKenoCoinflip" name="test_keno_invalid_picks_out_of_range" time="0.099" /><testcase classname="tests.backend_test.TestKenoCoinflip" name="test_keno_too_many_picks" time="0.110" /><testcase classname="tests.backend_test.TestKenoCoinflip" name="test_coinflip_heads" time="0.112" /><testcase classname="tests.backend_test.TestKenoCoinflip" name="test_coinflip_tails" time="0.104" /><testcase classname="tests.backend_test.TestAuth" name="test_login_success" time="0.330" /><testcase classname="tests.backend_test.TestKenoCoinflip" name="test_coinflip_invalid_side" time="0.296" /><testcase classname="tests.backend_test.TestAuth" name="test_login_invalid" time="0.123" /><testcase classname="tests.backend_test.TestFleetEnquiry" name="test_fleet_enquiry_success" time="0.123" /><testcase classname="tests.backend_test.TestAuth" name="test_me_with_bearer" time="0.097" /><testcase classname="tests.backend_test.TestFleetEnquiry" name="test_fleet_enquiry_persists" time="0.171" /><testcase classname="tests.backend_test.TestAuth" name="test_me_unauthenticated" time="0.117" /><testcase classname="tests.backend_test.TestFleetEnquiry" name="test_fleet_enquiry_missing_name" time="0.124" /><testcase classname="tests.backend_test.TestAuth" name="test_admin_login" time="0.162"><failure message="AssertionError: {&quot;detail&quot;:&quot;Too many failed login attempts&quot;}&#10;assert 429 == 200&#10; +  where 429 = &lt;Response [429]&gt;.status_code">E   AssertionError: {"detail":"Too many failed login attempts"}
    assert 429 == 200
     +  where 429 = &lt;Response [429]&gt;.status_code</failure></testcase><testcase classname="tests.backend_test.TestFleetEnquiry" name="test_fleet_enquiry_missing_email" time="0.144" /><testcase classname="tests.backend_test.TestKyc" name="test_kyc_session_unauth_401" time="0.117" /><testcase classname="tests.backend_test.TestFleetEnquiry" name="test_fleet_enquiry_missing_message" time="0.099" /><testcase classname="tests.backend_test.TestKyc" name="test_kyc_status_unauth_401" time="0.119" /><testcase classname="tests.backend_test.TestFleetEnquiry" name="test_fleet_enquiry_empty_name" time="0.150" /><testcase classname="tests.backend_test.TestKyc" name="test_kyc_status_fresh_user_not_started" time="0.545" /><testcase classname="tests.backend_test.TestFleetEnquiry" name="test_fleet_enquiry_invalid_email" time="0.260" /><testcase classname="tests.test_full_sweep.TestWheelTournament" name="test_wheel_status" time="0.045" /><testcase classname="tests.test_full_sweep.TestWheelTournament" name="test_wheel_spin" time="0.094" /><testcase classname="tests.test_full_sweep.TestWheelTournament" name="test_tournament_current" time="0.172" /><testcase classname="tests.backend_test.TestKyc" name="test_public_user_includes_kyc_fields" time="0.521" /><testcase classname="tests.test_full_sweep.TestWheelTournament" name="test_tournament_champions" time="0.230" /><testcase classname="tests.test_full_sweep.TestWheelTournament" name="test_leaderboard" time="0.112" /><testcase classname="tests.backend_test.TestFlagshipSlots" name="test_spin_voodoo_vengeance_returns_grid" time="0.114" /><testcase classname="tests.backend_test.TestKyc" name="test_kyc_session_creates_stripe_verification_url" time="0.777" /><testcase classname="tests.backend_test.TestFlagshipSlots" name="test_spin_standard_sweet_ammo" time="0.311" /><testcase classname="tests.backend_test.TestFlagshipSlots" name="test_spin_all_flagship_recent_upgrades" time="0.775" /><testcase classname="tests.backend_test.TestKyc" name="test_withdraw_blocked_without_kyc_403" time="0.538" /><testcase classname="tests.backend_test.TestFlagshipSlots" name="test_holdwin_endpoint_requires_valid_session" time="0.125" /><testcase classname="tests.backend_test.TestFlagshipSlots" name="test_holdwin_flow_when_triggered" time="52.719" /><testcase classname="tests.backend_test.TestCashierWithdrawalAndAdmin" name="test_valid_withdrawal_holds_funds_and_admin_approve" time="0.000"><error message="failed on setup with &quot;AssertionError: {&quot;detail&quot;:&quot;Too many failed login attempts&quot;}&#10;assert 429 == 200&#10; +  where 429 = &lt;Response [429]&gt;.status_code&quot;">E   AssertionError: {"detail":"Too many failed login attempts"}
    assert 429 == 200
     +  where 429 = &lt;Response [429]&gt;.status_code</error></testcase><testcase classname="tests.backend_test.TestCashierWithdrawalAndAdmin" name="test_valid_withdrawal_reject_refunds" time="0.000"><error message="failed on setup with &quot;AssertionError: {&quot;detail&quot;:&quot;Too many failed login attempts&quot;}&#10;assert 429 == 200&#10; +  where 429 = &lt;Response [429]&gt;.status_code&quot;">E   AssertionError: {"detail":"Too many failed login attempts"}
    assert 429 == 200
     +  where 429 = &lt;Response [429]&gt;.status_code</error></testcase><testcase classname="tests.backend_test.TestCashierWithdrawalAndAdmin" name="test_admin_cashier_summary_unauth_401" time="0.130" /><testcase classname="tests.backend_test.TestCashierWithdrawalAndAdmin" name="test_admin_cashier_summary_forbidden_for_normal_user" time="0.129" /><testcase classname="tests.backend_test.TestCashierWithdrawalAndAdmin" name="test_admin_cashier_bad_action" time="0.000"><error message="failed on setup with &quot;AssertionError: {&quot;detail&quot;:&quot;Too many failed login attempts&quot;}&#10;assert 429 == 200&#10; +  where 429 = &lt;Response [429]&gt;.status_code&quot;">E   AssertionError: {"detail":"Too many failed login attempts"}
    assert 429 == 200
     +  where 429 = &lt;Response [429]&gt;.status_code</error></testcase><testcase classname="tests.backend_test.TestPayments" name="test_packages_five" time="0.146" /><testcase classname="tests.backend_test.TestPayments" name="test_checkout" time="1.036" /><testcase classname="tests.backend_test.TestPayments" name="test_checkout_bad_package" time="0.113" /><testcase classname="tests.backend_test.TestPayments" name="test_checkout_duplicate_same_package_is_rejected" time="20.933" /><testcase classname="tests.backend_test.TestWalletLbVip" name="test_transactions" time="0.211" /><testcase classname="tests.backend_test.TestWalletLbVip" name="test_leaderboard" time="0.106" /><testcase classname="tests.backend_test.TestWalletLbVip" name="test_vip_tiers_eight" time="0.103" /><testcase classname="tests.backend_test.TestCashback" name="test_cashback_status_shape" time="0.119" /><testcase classname="tests.backend_test.TestCashback" name="test_cashback_claim_not_ready_for_new_user" time="0.120" /><testcase classname="tests.backend_test.TestCashback" name="test_cashback_private_tier_payout" time="0.864" /><testcase classname="tests.backend_test.TestCashbackHistory" name="test_history_unauth" time="0.120" /><testcase classname="tests.backend_test.TestCashbackHistory" name="test_history_empty_for_new_user" time="0.097" /><testcase classname="tests.backend_test.TestCashbackHistory" name="test_history_after_payout" time="0.645" /><testcase classname="tests.backend_test.TestWheel" name="test_wheel_status_unauth_401" time="0.097" /><testcase classname="tests.backend_test.TestWheel" name="test_wheel_status_authed_shape" time="0.098" /><testcase classname="tests.backend_test.TestWheel" name="test_wheel_spin_fresh_user_and_cooldown" time="0.893" /><testcase classname="tests.backend_test.TestTournament" name="test_tournament_current_anon" time="0.121" /><testcase classname="tests.backend_test.TestTournament" name="test_tournament_current_authed_new_user_me" time="0.442" /><testcase classname="tests.backend_test.TestTournament" name="test_tournament_score_updates_after_win" time="0.565" /><testcase classname="tests.backend_test.TestHealth" name="test_health_root_no_api_prefix" time="0.002" /><testcase classname="tests.backend_test.TestHealth" name="test_api_root_still_works" time="0.124" /><testcase classname="tests.backend_test.TestBonus" name="test_bonus_flow" time="0.332" /><testcase classname="tests.test_full_sweep.TestKeno" name="test_paytable" time="0.126" /><testcase classname="tests.test_full_sweep.TestKeno" name="test_play" time="0.091" /><testcase classname="tests.test_full_sweep.TestKeno" name="test_duplicate_picks_are_deduped" time="0.048" /><testcase classname="tests.test_full_sweep.TestKeno" name="test_play_rejects_out_of_range" time="0.043" /></testsuite></testsuites>