<?xml version="1.0" encoding="utf-8"?><testsuites name="pytest tests"><testsuite name="pytest" errors="0" failures="1" skipped="0" tests="44" time="7.656" timestamp="2026-08-14T06:40:53.416584+00:00" hostname="agent-env-05136dc2-d0db-4456-8dac-d96bdfb2bb81"><testcase classname="tests.backend_test.TestAuth" name="test_register_returns_10000_and_cookie" time="0.443" /><testcase classname="tests.backend_test.TestSlots" name="test_list_slots_six_sorted" time="0.475" /><testcase classname="tests.backend_test.TestSlots" name="test_list_slots_expected_ids" time="0.338" /><testcase classname="tests.backend_test.TestSlots" name="test_slot_detail" time="0.432" /><testcase classname="tests.backend_test.TestAuth" name="test_register_duplicate_email" time="0.478" /><testcase classname="tests.backend_test.TestAuth" name="test_login_success" time="0.323" /><testcase classname="tests.backend_test.TestAuth" name="test_login_invalid" time="0.095" /><testcase classname="tests.backend_test.TestSlots" name="test_slot_detail_404" time="0.124" /><testcase classname="tests.backend_test.TestAuth" name="test_me_with_bearer" time="0.109" /><testcase classname="tests.backend_test.TestAuth" name="test_me_unauthenticated" time="0.366" /><testcase classname="tests.backend_test.TestAuth" name="test_admin_login" time="0.366" /><testcase classname="tests.backend_test.TestSlots" name="test_spin_success_updates_balance" time="1.313" /><testcase classname="tests.backend_test.TestKenoCoinflip" name="test_keno_play" time="0.134" /><testcase classname="tests.backend_test.TestKenoCoinflip" name="test_keno_invalid_picks_zero" time="0.110" /><testcase classname="tests.backend_test.TestKenoCoinflip" name="test_keno_invalid_picks_out_of_range" time="0.119" /><testcase classname="tests.backend_test.TestKenoCoinflip" name="test_keno_too_many_picks" time="0.394" /><testcase classname="tests.backend_test.TestSlots" name="test_spin_bet_below_min" time="0.208" /><testcase classname="tests.backend_test.TestSlots" name="test_spin_unauth" time="0.196" /><testcase classname="tests.backend_test.TestKenoCoinflip" name="test_coinflip_heads" time="0.101" /><testcase classname="tests.backend_test.TestKenoCoinflip" name="test_coinflip_tails" time="0.099" /><testcase classname="tests.backend_test.TestSlots" name="test_spin_insufficient" time="0.212" /><testcase classname="tests.backend_test.TestKenoCoinflip" name="test_coinflip_invalid_side" time="0.155" /><testcase classname="tests.backend_test.TestWalletLbVip" name="test_transactions" time="0.158" /><testcase classname="tests.backend_test.TestFleetEnquiry" name="test_fleet_enquiry_success" time="0.112" /><testcase classname="tests.backend_test.TestFleetEnquiry" name="test_fleet_enquiry_persists" time="0.185" /><testcase classname="tests.backend_test.TestWalletLbVip" name="test_leaderboard" time="0.092" /><testcase classname="tests.backend_test.TestWalletLbVip" name="test_vip_tiers_eight" time="0.173" /><testcase classname="tests.backend_test.TestFleetEnquiry" name="test_fleet_enquiry_missing_name" time="0.096" /><testcase classname="tests.backend_test.TestFleetEnquiry" name="test_fleet_enquiry_missing_email" time="0.116" /><testcase classname="tests.backend_test.TestPayments" name="test_packages_five" time="0.099" /><testcase classname="tests.backend_test.TestFleetEnquiry" name="test_fleet_enquiry_missing_message" time="0.101" /><testcase classname="tests.backend_test.TestPayments" name="test_checkout" time="1.608" /><testcase classname="tests.backend_test.TestFleetEnquiry" name="test_fleet_enquiry_empty_name" time="0.102" /><testcase classname="tests.backend_test.TestFleetEnquiry" name="test_fleet_enquiry_invalid_email" time="1.154" /><testcase classname="tests.backend_test.TestCashbackHistory" name="test_history_unauth" time="0.123" /><testcase classname="tests.backend_test.TestCashbackHistory" name="test_history_empty_for_new_user" time="0.137" /><testcase classname="tests.backend_test.TestPayments" name="test_checkout_bad_package" time="0.323" /><testcase classname="tests.backend_test.TestCashbackHistory" name="test_history_after_payout" time="0.586" /><testcase classname="tests.backend_test.TestCashback" name="test_cashback_status_shape" time="0.098" /><testcase classname="tests.backend_test.TestCashback" name="test_cashback_claim_not_ready_for_new_user" time="0.098" /><testcase classname="tests.backend_test.TestCashback" name="test_cashback_private_tier_payout" time="0.947" /><testcase classname="tests.backend_test.TestHealth" name="test_health_root_no_api_prefix" time="0.119"><failure message="requests.exceptions.JSONDecodeError: Expecting value: line 1 column 1 (char 0)">/root/.venv/lib/python3.11/site-packages/requests/models.py:1116: in json
    return complexjson.loads(self.text, **kwargs)
           ^^^^^^^^^^^^^^^^^^^^^^^^^^^^^^^^^^^^^^
/usr/local/lib/python3.11/json/__init__.py:346: in loads
    return _default_decoder.decode(s)
           ^^^^^^^^^^^^^^^^^^^^^^^^^^
/usr/local/lib/python3.11/json/decoder.py:337: in decode
    obj, end = self.raw_decode(s, idx=_w(s, 0).end())
               ^^^^^^^^^^^^^^^^^^^^^^^^^^^^^^^^^^^^^^
/usr/local/lib/python3.11/json/decoder.py:355: in raw_decode
    raise JSONDecodeError("Expecting value", s, err.value) from None
E   json.decoder.JSONDecodeError: Expecting value: line 1 column 1 (char 0)

During handling of the above exception, another exception occurred:
backend/tests/backend_test.py:34: in test_health_root_no_api_prefix
    d = r.json()
        ^^^^^^^^
/root/.venv/lib/python3.11/site-packages/requests/models.py:1120: in json
    raise RequestsJSONDecodeError(e.msg, e.doc, e.pos)
E   requests.exceptions.JSONDecodeError: Expecting value: line 1 column 1 (char 0)</failure></testcase><testcase classname="tests.backend_test.TestHealth" name="test_api_root_still_works" time="0.143" /><testcase classname="tests.backend_test.TestBonus" name="test_bonus_flow" time="0.333" /></testsuite></testsuites>