<?xml version="1.0" encoding="utf-8"?><testsuites name="pytest tests"><testsuite name="pytest" errors="0" failures="0" skipped="1" tests="85" time="20.494" timestamp="2026-08-18T08:08:51.313725+00:00" hostname="agent-env-05136dc2-d0db-4456-8dac-d96bdfb2bb81"><testcase classname="tests.backend_test.TestCashier" name="test_currencies_list" time="0.168" /><testcase classname="tests.backend_test.TestAdmin" name="test_stats_unauth_401" time="0.178" /><testcase classname="tests.backend_test.TestCashier" name="test_summary_requires_auth" time="0.096" /><testcase classname="tests.backend_test.TestAdmin" name="test_players_unauth_401" time="0.110" /><testcase classname="tests.backend_test.TestAdmin" name="test_enquiries_unauth_401" time="0.326" /><testcase classname="tests.backend_test.TestCashier" name="test_summary_authed" time="0.460" /><testcase classname="tests.backend_test.TestCashier" name="test_stripe_deposit_returns_checkout_url" time="0.822" /><testcase classname="tests.backend_test.TestCashier" name="test_stripe_deposit_below_minimum_rejected" time="0.112" /><testcase classname="tests.backend_test.TestAdmin" name="test_stats_normal_user_403" time="1.087" /><testcase classname="tests.backend_test.TestCashier" name="test_crypto_deposit_btc_returns_pay_address" time="0.704" /><testcase classname="tests.backend_test.TestAdmin" name="test_players_normal_user_403" time="0.125" /><testcase classname="tests.backend_test.TestAdmin" name="test_enquiries_normal_user_403" time="0.204" /><testcase classname="tests.backend_test.TestAdmin" name="test_stats_admin_200" time="0.444" /><testcase classname="tests.backend_test.TestCashier" name="test_crypto_deposit_below_minimum_rejected" time="0.129" /><testcase classname="tests.backend_test.TestAdmin" name="test_players_admin_200_and_search" time="0.309" /><testcase classname="tests.backend_test.TestCashier" name="test_withdraw_below_minimum_rejected" time="0.201" /><testcase classname="tests.backend_test.TestCashier" name="test_withdraw_above_balance_rejected" time="0.130" /><testcase classname="tests.backend_test.TestAdmin" name="test_enquiries_admin_200" time="0.124" /><testcase classname="tests.backend_test.TestCashier" name="test_transactions_authed" time="0.115" /><testcase classname="tests.backend_test.TestAdmin" name="test_balance_adjust_delta" time="0.229" /><testcase classname="tests.backend_test.TestSlots" name="test_list_slots_twenty_four_sorted" time="0.112" /><testcase classname="tests.backend_test.TestSlots" name="test_list_slots_flagship_count" time="0.161" /><testcase classname="tests.backend_test.TestAdmin" name="test_balance_adjust_set" time="0.279" /><testcase classname="tests.backend_test.TestSlots" name="test_list_slots_recent_upgrades_present" time="0.122" /><testcase classname="tests.backend_test.TestSlots" name="test_slot_detail" time="0.232" /><testcase classname="tests.backend_test.TestAdmin" name="test_balance_adjust_records_transaction" time="0.108" /><testcase classname="tests.backend_test.TestAdmin" name="test_balance_adjust_404_for_unknown_user" time="0.115" /><testcase classname="tests.backend_test.TestSlots" name="test_slot_detail_404" time="0.154" /><testcase classname="tests.backend_test.TestAdmin" name="test_balance_adjust_forbidden_for_normal_user" time="0.131" /><testcase classname="tests.backend_test.TestSlots" name="test_spin_success_updates_balance" time="0.624" /><testcase classname="tests.backend_test.TestAuth" name="test_register_returns_10000_and_cookie" time="0.373" /><testcase classname="tests.backend_test.TestAuth" name="test_register_duplicate_email" time="0.148" /><testcase classname="tests.backend_test.TestAuth" name="test_login_success" time="0.321" /><testcase classname="tests.backend_test.TestSlots" name="test_spin_bet_below_min" time="0.393" /><testcase classname="tests.backend_test.TestAuth" name="test_login_invalid" time="0.124" /><testcase classname="tests.backend_test.TestSlots" name="test_spin_unauth" time="0.198" /><testcase classname="tests.backend_test.TestAuth" name="test_me_with_bearer" time="0.098" /><testcase classname="tests.backend_test.TestAuth" name="test_me_unauthenticated" time="0.118" /><testcase classname="tests.backend_test.TestSlots" name="test_spin_insufficient" time="0.352" /><testcase classname="tests.backend_test.TestAuth" name="test_admin_login" time="0.381" /><testcase classname="tests.backend_test.TestKenoCoinflip" name="test_keno_play" time="0.114" /><testcase classname="tests.backend_test.TestFleetEnquiry" name="test_fleet_enquiry_success" time="0.107" /><testcase classname="tests.backend_test.TestKenoCoinflip" name="test_keno_invalid_picks_zero" time="0.102" /><testcase classname="tests.backend_test.TestFleetEnquiry" name="test_fleet_enquiry_persists" time="0.215" /><testcase classname="tests.backend_test.TestKenoCoinflip" name="test_keno_invalid_picks_out_of_range" time="0.094" /><testcase classname="tests.backend_test.TestKenoCoinflip" name="test_keno_too_many_picks" time="0.108" /><testcase classname="tests.backend_test.TestFleetEnquiry" name="test_fleet_enquiry_missing_name" time="0.134" /><testcase classname="tests.backend_test.TestKenoCoinflip" name="test_coinflip_heads" time="0.117" /><testcase classname="tests.backend_test.TestFleetEnquiry" name="test_fleet_enquiry_missing_email" time="0.130" /><testcase classname="tests.backend_test.TestKenoCoinflip" name="test_coinflip_tails" time="0.137" /><testcase classname="tests.backend_test.TestFleetEnquiry" name="test_fleet_enquiry_missing_message" time="0.111" /><testcase classname="tests.backend_test.TestKenoCoinflip" name="test_coinflip_invalid_side" time="0.138" /><testcase classname="tests.backend_test.TestFleetEnquiry" name="test_fleet_enquiry_empty_name" time="0.111" /><testcase classname="tests.backend_test.TestKyc" name="test_kyc_session_unauth_401" time="0.093" /><testcase classname="tests.backend_test.TestFleetEnquiry" name="test_fleet_enquiry_invalid_email" time="0.110" /><testcase classname="tests.backend_test.TestKyc" name="test_kyc_status_unauth_401" time="0.113" /><testcase classname="tests.backend_test.TestFlagshipSlots" name="test_spin_voodoo_vengeance_returns_grid" time="0.131" /><testcase classname="tests.backend_test.TestKyc" name="test_kyc_status_fresh_user_not_started" time="0.494" /><testcase classname="tests.backend_test.TestFlagshipSlots" name="test_spin_standard_sweet_ammo" time="0.255" /><testcase classname="tests.backend_test.TestFlagshipSlots" name="test_spin_all_flagship_recent_upgrades" time="0.618" /><testcase classname="tests.backend_test.TestKyc" name="test_public_user_includes_kyc_fields" time="0.454" /><testcase classname="tests.backend_test.TestKyc" name="test_kyc_session_creates_stripe_verification_url" time="0.790" /><testcase classname="tests.backend_test.TestFlagshipSlots" name="test_holdwin_endpoint_requires_valid_session" time="0.323" /><testcase classname="tests.backend_test.TestFlagshipSlots" name="test_holdwin_flow_when_triggered" time="12.136"><skipped type="pytest.skip" message="holdwin not triggered in 80 spins (probabilistic)">/app/backend/tests/backend_test.py:835: holdwin not triggered in 80 spins (probabilistic)</skipped></testcase><testcase classname="tests.backend_test.TestKyc" name="test_withdraw_blocked_without_kyc_403" time="0.485" /><testcase classname="tests.backend_test.TestCashierWithdrawalAndAdmin" name="test_valid_withdrawal_holds_funds_and_admin_approve" time="1.719" /><testcase classname="tests.backend_test.TestCashierWithdrawalAndAdmin" name="test_valid_withdrawal_reject_refunds" time="1.067" /><testcase classname="tests.backend_test.TestCashierWithdrawalAndAdmin" name="test_admin_cashier_summary_unauth_401" time="0.119" /><testcase classname="tests.backend_test.TestCashierWithdrawalAndAdmin" name="test_admin_cashier_summary_forbidden_for_normal_user" time="0.126" /><testcase classname="tests.backend_test.TestCashierWithdrawalAndAdmin" name="test_admin_cashier_bad_action" time="0.106" /><testcase classname="tests.backend_test.TestPayments" name="test_packages_five" time="0.093" /><testcase classname="tests.backend_test.TestPayments" name="test_checkout" time="1.021" /><testcase classname="tests.backend_test.TestPayments" name="test_checkout_bad_package" time="0.146" /><testcase classname="tests.backend_test.TestCashback" name="test_cashback_status_shape" time="0.132" /><testcase classname="tests.backend_test.TestCashback" name="test_cashback_claim_not_ready_for_new_user" time="0.121" /><testcase classname="tests.backend_test.TestCashback" name="test_cashback_private_tier_payout" time="0.911" /><testcase classname="tests.backend_test.TestCashbackHistory" name="test_history_unauth" time="0.103" /><testcase classname="tests.backend_test.TestCashbackHistory" name="test_history_empty_for_new_user" time="0.104" /><testcase classname="tests.backend_test.TestCashbackHistory" name="test_history_after_payout" time="0.575" /><testcase classname="tests.backend_test.TestHealth" name="test_health_root_no_api_prefix" time="0.002" /><testcase classname="tests.backend_test.TestHealth" name="test_api_root_still_works" time="0.161" /><testcase classname="tests.backend_test.TestBonus" name="test_bonus_flow" time="0.327" /><testcase classname="tests.backend_test.TestWalletLbVip" name="test_transactions" time="0.128" /><testcase classname="tests.backend_test.TestWalletLbVip" name="test_leaderboard" time="0.100" /><testcase classname="tests.backend_test.TestWalletLbVip" name="test_vip_tiers_eight" time="0.106" /></testsuite></testsuites>