<?xml version="1.0" encoding="utf-8"?><testsuites name="pytest tests"><testsuite name="pytest" errors="0" failures="0" skipped="0" tests="33" time="6.016" timestamp="2026-08-27T04:42:30.563507+00:00" hostname="agent-env-05136dc2-d0db-4456-8dac-d96bdfb2bb81"><testcase classname="tests.test_session15.TestCatalogue" name="test_root" time="0.893" /><testcase classname="tests.test_session15.TestCatalogue" name="test_slots_count_145" time="0.222" /><testcase classname="tests.test_session15.TestSlots" name="test_spin_new_slots[jungle_guerrilla]" time="1.205" /><testcase classname="tests.test_session15.TestCatalogue" name="test_new_slot_present[jungle_guerrilla]" time="0.103" /><testcase classname="tests.test_session15.TestSlots" name="test_spin_new_slots[gold_convoy]" time="0.101" /><testcase classname="tests.test_session15.TestCatalogue" name="test_new_slot_present[gold_convoy]" time="0.113" /><testcase classname="tests.test_session15.TestSlots" name="test_spin_new_slots[iron_infantry]" time="0.140" /><testcase classname="tests.test_session15.TestCatalogue" name="test_new_slot_present[iron_infantry]" time="0.106" /><testcase classname="tests.test_session15.TestCatalogue" name="test_new_slot_present[crimson_circuit]" time="0.112" /><testcase classname="tests.test_session15.TestSlots" name="test_spin_new_slots[crimson_circuit]" time="0.103" /><testcase classname="tests.test_session15.TestSlots" name="test_spin_invalid_machine" time="0.051" /><testcase classname="tests.test_session15.TestKeno" name="test_paytable" time="0.158" /><testcase classname="tests.test_session15.TestSlots" name="test_spin_below_min_bet" time="0.061" /><testcase classname="tests.test_session15.TestOtherGames" name="test_coinflip" time="0.096" /><testcase classname="tests.test_session15.TestOtherGames" name="test_leaderboard" time="0.293" /><testcase classname="tests.test_session15.TestKeno" name="test_warhead_play" time="0.396" /><testcase classname="tests.test_session15.TestOtherGames" name="test_tournament" time="0.065" /><testcase classname="tests.test_session15.TestKeno" name="test_wow_play" time="0.047" /><testcase classname="tests.test_session15.TestOtherGames" name="test_vip" time="0.087" /><testcase classname="tests.test_session15.TestKeno" name="test_side_play_all_markets" time="0.063" /><testcase classname="tests.test_session15.TestOtherGames" name="test_wheel_status" time="0.052" /><testcase classname="tests.test_session15.TestKeno" name="test_side_no_bets_rejected" time="0.086" /><testcase classname="tests.test_session15.TestAuth" name="test_register_and_me" time="0.477" /><testcase classname="tests.test_session15.TestKeno" name="test_keno_min_stake" time="0.045" /><testcase classname="tests.test_session15.TestShark" name="test_flip_and_streak" time="1.625" /><testcase classname="tests.test_session15.TestAuth" name="test_bcrypt_hash_and_cookie" time="0.705" /><testcase classname="tests.test_session15.TestAuth" name="test_protected_requires_auth" time="0.156" /><testcase classname="tests.test_session15.TestAuth" name="test_brute_force_lockout" time="1.950" /><testcase classname="tests.test_session15.TestShark" name="test_flip_min_bet" time="0.046" /><testcase classname="tests.test_session15.TestShark" name="test_flip_requires_auth" time="0.235" /><testcase classname="tests.test_session15" name="test_cors_not_wildcard_with_credentials" time="0.075" /><testcase classname="tests.test_session15.TestCashier" name="test_packages" time="0.045" /><testcase classname="tests.test_session15.TestCashier" name="test_meta" time="0.050" /></testsuite></testsuites>