<?xml version="1.0" encoding="utf-8"?><testsuites name="pytest tests"><testsuite name="pytest" errors="0" failures="2" skipped="0" tests="64" time="7.313" timestamp="2026-08-25T03:51:04.973642+00:00" hostname="agent-env-05136dc2-d0db-4456-8dac-d96bdfb2bb81"><testcase classname="tests.test_full_sweep.TestAuth" name="test_root_health" time="0.602" /><testcase classname="tests.test_full_sweep.TestSlots" name="test_catalogue" time="0.599" /><testcase classname="tests.test_full_sweep.TestSlots" name="test_new_flagship_detail[solar_vanguard]" time="0.107" /><testcase classname="tests.test_full_sweep.TestSlots" name="test_new_flagship_detail[obsidian_empire]" time="0.232" /><testcase classname="tests.test_full_sweep.TestSlots" name="test_new_flagship_detail[neon_pharaoh]" time="0.119" /><testcase classname="tests.test_full_sweep.TestAuth" name="test_register_new_player" time="0.378" /><testcase classname="tests.test_full_sweep.TestAuth" name="test_login_returns_httponly_cookie" time="0.324" /><testcase classname="tests.test_full_sweep.TestSlots" name="test_new_flagship_detail[crimson_vanguard]" time="0.246" /><testcase classname="tests.test_full_sweep.TestAuth" name="test_bcrypt_hash_format" time="0.070" /><testcase classname="tests.test_full_sweep.TestSlots" name="test_new_flagship_detail[golden_atlas]" time="0.149" /><testcase classname="tests.test_full_sweep.TestAuth" name="test_login_invalid_password" time="0.365" /><testcase classname="tests.test_full_sweep.TestSlots" name="test_new_flagship_detail[emerald_guardian]" time="0.246" /><testcase classname="tests.test_full_sweep.TestSlots" name="test_new_flagship_detail[cobalt_siege]" time="0.100" /><testcase classname="tests.test_full_sweep.TestAuth" name="test_brute_force_lockout" time="2.341"><failure message="AssertionError: no lockout, codes=[401, 401, 401, 401, 401, 401]&#10;assert False&#10; +  where False = any(&lt;generator object TestAuth.test_brute_force_lockout.&lt;locals&gt;.&lt;genexpr&gt; at 0xfc34649cfed0&gt;)">self = &lt;test_full_sweep.TestAuth object at 0xfc3466144850&gt;

    def test_brute_force_lockout(self):
        """6 bad logins in a row should eventually be rate-limited (423/429)."""
        email = f"TEST_bf_{uuid.uuid4().hex[:6]}@example.com"
        requests.post(f"{API}/auth/register",
                      json={"email": email, "password": "QaPass123!", "name": "TEST_BF"}, timeout=30)
        codes = []
        for _ in range(6):
            codes.append(requests.post(f"{API}/auth/login",
                                       json={"email": email, "password": "bad"}, timeout=30).status_code)
&gt;       assert any(c in (423, 429) for c in codes), f"no lockout, codes={codes}"
E       AssertionError: no lockout, codes=[401, 401, 401, 401, 401, 401]
E       assert False
E        +  where False = any(&lt;generator object TestAuth.test_brute_force_lockout.&lt;locals&gt;.&lt;genexpr&gt; at 0xfc34649cfed0&gt;)

tests/test_full_sweep.py:115: AssertionError</failure></testcase><testcase classname="tests.test_full_sweep.TestSlots" name="test_new_flagship_detail[royal_ordnance]" time="0.259" /><testcase classname="tests.test_full_sweep.TestSlots" name="test_new_flagship_detail[jade_dynasty]" time="0.101" /><testcase classname="tests.test_full_sweep.TestSlots" name="test_new_flagship_detail[inferno_warlord]" time="0.274" /><testcase classname="tests.test_full_sweep.TestSlots" name="test_new_flagship_detail[arctic_recon]" time="0.097" /><testcase classname="tests.test_full_sweep.TestSlots" name="test_new_flagship_detail[midas_command]" time="0.225" /><testcase classname="tests.test_full_sweep.TestSlots" name="test_new_flagship_detail[phantom_strike]" time="0.099" /><testcase classname="tests.test_full_sweep.TestSlots" name="test_new_flagship_detail[thunder_baron]" time="0.301" /><testcase classname="tests.test_full_sweep.TestSlots" name="test_new_flagship_detail[desert_fury]" time="0.278" /><testcase classname="tests.test_full_sweep.TestSlots" name="test_new_flagship_detail[steel_leviathan]" time="0.100" /><testcase classname="tests.test_full_sweep.TestSlots" name="test_new_flagship_detail[crimson_dynasty]" time="0.262" /><testcase classname="tests.test_full_sweep.TestSlots" name="test_new_flagship_detail[venom_squadron]" time="0.279" /><testcase classname="tests.test_full_sweep.TestSlots" name="test_new_flagship_detail[platinum_siege]" time="0.096" /><testcase classname="tests.test_full_sweep.TestAuth" name="test_me_requires_auth" time="0.110" /><testcase classname="tests.test_full_sweep.TestSlots" name="test_new_flagship_detail[ember_legion]" time="0.099" /><testcase classname="tests.test_full_sweep.TestAuth" name="test_me_authenticated" time="0.060" /><testcase classname="tests.test_full_sweep.TestSlots" name="test_new_flagship_detail[sapphire_command]" time="0.099" /><testcase classname="tests.test_full_sweep.TestAuth" name="test_cors_credentials" time="0.157"><failure message="AssertionError: ACAO '*' with credentials=true (allow_origin_regex='.*') - browsers reject and it is a CSRF vector&#10;assert '*' != '*'&#10; +  where '*' = get('access-control-allow-origin')&#10; +    where get = {'Date': 'Tue, 25 Aug 2026 03:51:09 GMT', 'Content-Type': 'application/json', 'Content-Length': '38', 'Connection': 'k... Path=/; Domain=preview.emergentagent.com; Expires=Tue, 25 Aug 2026 04:21:09 GMT', 'X-Robots-Tag': 'noindex, nofollow'}.get&#10; +      where {'Date': 'Tue, 25 Aug 2026 03:51:09 GMT', 'Content-Type': 'application/json', 'Content-Length': '38', 'Connection': 'k... Path=/; Domain=preview.emergentagent.com; Expires=Tue, 25 Aug 2026 04:21:09 GMT', 'X-Robots-Tag': 'noindex, nofollow'} = &lt;Response [401]&gt;.headers">self = &lt;test_full_sweep.TestAuth object at 0xfc3466145190&gt;

    def test_cors_credentials(self):
        """Credentialed CORS must echo an explicit origin, never '*'."""
        r = requests.post(f"{API}/auth/login", timeout=30,
                          headers={"Origin": BASE_URL, "Content-Type": "application/json"},
                          json={"email": "nobody@example.com", "password": "x"})
        assert r.headers.get("access-control-allow-credentials") == "true"
&gt;       assert r.headers.get("access-control-allow-origin") != "*", \
            "ACAO '*' with credentials=true (allow_origin_regex='.*') - browsers reject and it is a CSRF vector"
E       AssertionError: ACAO '*' with credentials=true (allow_origin_regex='.*') - browsers reject and it is a CSRF vector
E       assert '*' != '*'
E        +  where '*' = get('access-control-allow-origin')
E        +    where get = {'Date': 'Tue, 25 Aug 2026 03:51:09 GMT', 'Content-Type': 'application/json', 'Content-Length': '38', 'Connection': 'k... Path=/; Domain=preview.emergentagent.com; Expires=Tue, 25 Aug 2026 04:21:09 GMT', 'X-Robots-Tag': 'noindex, nofollow'}.get
E        +      where {'Date': 'Tue, 25 Aug 2026 03:51:09 GMT', 'Content-Type': 'application/json', 'Content-Length': '38', 'Connection': 'k... Path=/; Domain=preview.emergentagent.com; Expires=Tue, 25 Aug 2026 04:21:09 GMT', 'X-Robots-Tag': 'noindex, nofollow'} = &lt;Response [401]&gt;.headers

tests/test_full_sweep.py:131: AssertionError</failure></testcase><testcase classname="tests.test_full_sweep.TestSlots" name="test_new_flagship_detail[golden_griffin]" time="0.106" /><testcase classname="tests.test_full_sweep.TestSlots" name="test_unknown_slot_404" time="0.288" /><testcase classname="tests.test_full_sweep.TestAdminHQ" name="test_stats" time="0.386" /><testcase classname="tests.test_full_sweep.TestAdminHQ" name="test_players" time="0.316" /><testcase classname="tests.test_full_sweep.TestSlots" name="test_spin_flagship_debits_balance" time="0.527" /><testcase classname="tests.test_full_sweep.TestAdminHQ" name="test_bankroll" time="0.094" /><testcase classname="tests.test_full_sweep.TestAdminHQ" name="test_admin_requires_admin_role" time="0.109" /><testcase classname="tests.test_full_sweep.TestSlots" name="test_spin_basic_slot" time="0.098" /><testcase classname="tests.test_full_sweep.TestAdminHQ" name="test_hq_inbox_requires_pin" time="0.052" /><testcase classname="tests.test_full_sweep.TestSlots" name="test_spin_requires_auth" time="0.135" /><testcase classname="tests.test_full_sweep.TestAdminHQ" name="test_hq_inbox_wrong_pin" time="0.050" /><testcase classname="tests.test_full_sweep.TestAdminHQ" name="test_support_ticket_appears_in_hq" time="0.915" /><testcase classname="tests.test_full_sweep.TestSlots" name="test_spin_rejects_bad_bet" time="0.056" /><testcase classname="tests.test_full_sweep.TestSlots" name="test_spin_rejects_unknown_machine" time="0.057" /><testcase classname="tests.test_full_sweep.TestSlots" name="test_spin_rejects_over_balance" time="0.051" /><testcase classname="tests.test_full_sweep.TestCashier" name="test_currencies" time="0.098" /><testcase classname="tests.test_full_sweep.TestCashier" name="test_summary" time="0.068" /><testcase classname="tests.test_full_sweep.TestCashier" name="test_packages" time="0.098" /><testcase classname="tests.test_full_sweep.TestCashier" name="test_kyc_status" time="0.052" /><testcase classname="tests.test_full_sweep.TestCashier" name="test_withdraw_blocked_without_kyc" time="0.054" /><testcase classname="tests.test_full_sweep.TestCashier" name="test_transactions" time="0.050" /><testcase classname="tests.test_full_sweep.TestCashier" name="test_wallet_transactions" time="0.054" /><testcase classname="tests.test_full_sweep.TestWheelTournament" name="test_wheel_status" time="0.068" /><testcase classname="tests.test_full_sweep.TestWheelTournament" name="test_wheel_spin" time="0.149" /><testcase classname="tests.test_full_sweep.TestAdminHQ" name="test_support_message_bot" time="0.055" /><testcase classname="tests.test_full_sweep.TestWheelTournament" name="test_tournament_current" time="0.142" /><testcase classname="tests.test_full_sweep.TestAdminHQ" name="test_enquiries" time="0.053" /><testcase classname="tests.test_full_sweep.TestKeno" name="test_paytable" time="0.100" /><testcase classname="tests.test_full_sweep.TestWheelTournament" name="test_tournament_champions" time="0.103" /><testcase classname="tests.test_full_sweep.TestKeno" name="test_play" time="0.145" /><testcase classname="tests.test_full_sweep.TestWheelTournament" name="test_leaderboard" time="0.117" /><testcase classname="tests.test_full_sweep.TestKeno" name="test_duplicate_picks_are_deduped" time="0.103" /><testcase classname="tests.test_full_sweep.TestKeno" name="test_play_rejects_out_of_range" time="0.062" /></testsuite></testsuites>